Project Proposal/MyApplication4/android/build/outputs/logs/manifest-merger-debug-report.txt
-- Merging decision tree log ---
manifest
ADDED from AndroidManifest.xml:1:1
	xmlns:android
		ADDED from AndroidManifest.xml:1:11
	package
		ADDED from AndroidManifest.xml:1:120
		INJECTED from AndroidManifest.xml:0:0
		INJECTED from AndroidManifest.xml:0:0
	android:versionName
		ADDED from AndroidManifest.xml:1:94
	android:versionCode
		ADDED from AndroidManifest.xml:1:70
		INJECTED from AndroidManifest.xml:0:0
		INJECTED from AndroidManifest.xml:0:0
uses-sdk
ADDED from AndroidManifest.xml:1:157
	android:targetSdkVersion
		INJECTED from AndroidManifest.xml:0:0
		INJECTED from AndroidManifest.xml:0:0
	android:minSdkVersion
		ADDED from AndroidManifest.xml:1:167
		INJECTED from AndroidManifest.xml:0:0
		INJECTED from AndroidManifest.xml:0:0
application
ADDED from AndroidManifest.xml:1:195
	android:label
		ADDED from AndroidManifest.xml:1:264
	android:debuggable
		ADDED from AndroidManifest.xml:1:208
	android:icon
		ADDED from AndroidManifest.xml:1:234
activity#processing.test.tiltsensor.TiltSensor
ADDED from AndroidManifest.xml:1:291
	android:name
		ADDED from AndroidManifest.xml:1:301
intent-filter#android.intent.action.MAIN+android.intent.category.LAUNCHER
ADDED from AndroidManifest.xml:1:328
action#android.intent.action.MAIN
ADDED from AndroidManifest.xml:1:343
	android:name
		ADDED from AndroidManifest.xml:1:351
category#android.intent.category.LAUNCHER
ADDED from AndroidManifest.xml:1:394
	android:name
		ADDED from AndroidManifest.xml:1:404